app/build/outputs/logs/manifest-merger-debug-report.txt
-- Merging decision tree log ---
manifest
ADDED from src/main/AndroidManifest.xml:2:1-38:12
	package
		ADDED from src/main/AndroidManifest.xml:3:7-42
		INJECTED from src/main/AndroidManifest.xml
		INJECTED from src/main/AndroidManifest.xml
	android:versionName
		ADDED from src/main/AndroidManifest.xml:5:7-32
		INJECTED from src/main/AndroidManifest.xml
		INJECTED from src/main/AndroidManifest.xml
	android:versionCode
		ADDED from src/main/AndroidManifest.xml:4:7-30
		INJECTED from src/main/AndroidManifest.xml
		INJECTED from src/main/AndroidManifest.xml
	xmlns:android
		ADDED from src/main/AndroidManifest.xml:2:11-69
uses-permission#android.permission.WRITE_EXTERNAL_STORAGE
ADDED from src/main/AndroidManifest.xml:6:5-81
	android:name
		ADDED from src/main/AndroidManifest.xml:6:22-78
application
ADDED from src/main/AndroidManifest.xml:7:5-36:19
	android:label
		ADDED from src/main/AndroidManifest.xml:7:18-50
	android:icon
		ADDED from src/main/AndroidManifest.xml:8:11-41
activity#com.tastycactus.timesheet.TimesheetActivity
ADDED from src/main/AndroidManifest.xml:9:9-15:20
	android:label
		ADDED from src/main/AndroidManifest.xml:10:15-47
	android:name
		ADDED from src/main/AndroidManifest.xml:9:19-52
intent-filter#android.intent.action.MAIN+android.intent.category.LAUNCHER
ADDED from src/main/AndroidManifest.xml:11:13-14:29
action#android.intent.action.MAIN
ADDED from src/main/AndroidManifest.xml:12:17-69
	android:name
		ADDED from src/main/AndroidManifest.xml:12:25-66
category#android.intent.category.LAUNCHER
ADDED from src/main/AndroidManifest.xml:13:17-77
	android:name
		ADDED from src/main/AndroidManifest.xml:13:27-74
activity#com.tastycactus.timesheet.TaskEditActivity
ADDED from src/main/AndroidManifest.xml:16:9-17:60
	android:label
		ADDED from src/main/AndroidManifest.xml:17:15-57
	android:name
		ADDED from src/main/AndroidManifest.xml:16:19-51
activity#com.tastycactus.timesheet.TimeEntriesActivity
ADDED from src/main/AndroidManifest.xml:18:9-19:60
	android:label
		ADDED from src/main/AndroidManifest.xml:19:15-57
	android:theme
		ADDED from src/main/AndroidManifest.xml:18:55-89
	android:name
		ADDED from src/main/AndroidManifest.xml:18:19-54
activity#com.tastycactus.timesheet.TimeEntryEditActivity
ADDED from src/main/AndroidManifest.xml:20:9-21:60
	android:label
		ADDED from src/main/AndroidManifest.xml:21:15-57
	android:name
		ADDED from src/main/AndroidManifest.xml:20:19-56
activity#com.tastycactus.timesheet.ExportActivity
ADDED from src/main/AndroidManifest.xml:22:9-23:57
	android:label
		ADDED from src/main/AndroidManifest.xml:23:15-54
	android:name
		ADDED from src/main/AndroidManifest.xml:22:19-49
activity#com.tastycactus.timesheet.TimesheetPreferences
ADDED from src/main/AndroidManifest.xml:24:9-25:50
	android:label
		ADDED from src/main/AndroidManifest.xml:25:15-47
	android:name
		ADDED from src/main/AndroidManifest.xml:24:19-55
receiver#com.tastycactus.timesheet.TimesheetAppWidgetProvider
ADDED from src/main/AndroidManifest.xml:26:9-32:20
	android:name
		ADDED from src/main/AndroidManifest.xml:26:19-61
intent-filter#android.appwidget.action.APPWIDGET_UPDATE
ADDED from src/main/AndroidManifest.xml:27:13-29:29
action#android.appwidget.action.APPWIDGET_UPDATE
ADDED from src/main/AndroidManifest.xml:28:17-84
	android:name
		ADDED from src/main/AndroidManifest.xml:28:25-81
meta-data#android.appwidget.provider
ADDED from src/main/AndroidManifest.xml:30:13-31:69
	android:resource
		ADDED from src/main/AndroidManifest.xml:31:21-66
	android:name
		ADDED from src/main/AndroidManifest.xml:30:24-65
service#com.tastycactus.timesheet.TimesheetAppWidgetProvider$UpdateService
ADDED from src/main/AndroidManifest.xml:33:9-77
	android:name
		ADDED from src/main/AndroidManifest.xml:33:18-74
service#com.tastycactus.timesheet.TimesheetAppWidgetProvider$ToggleActiveService
ADDED from src/main/AndroidManifest.xml:34:9-83
	android:name
		ADDED from src/main/AndroidManifest.xml:34:18-80
service#com.tastycactus.timesheet.TimesheetAppWidgetProvider$NextTaskService
ADDED from src/main/AndroidManifest.xml:35:9-79
	android:name
		ADDED from src/main/AndroidManifest.xml:35:18-76
uses-sdk
ADDED from src/main/AndroidManifest.xml:37:5-43
	android:targetSdkVersion
		INJECTED from src/main/AndroidManifest.xml
		INJECTED from src/main/AndroidManifest.xml
	android:minSdkVersion
		ADDED from src/main/AndroidManifest.xml:37:15-40
		INJECTED from src/main/AndroidManifest.xml
		INJECTED from src/main/AndroidManifest.xml